-------------------------------------------------------------------------------
Test set: runners.RunCucumberTests
-------------------------------------------------------------------------------
Tests run: 1, Failures: 0, Errors: 1, Skipped: 0, Time elapsed: 0.003 s <<< FAILURE! - in runners.RunCucumberTests
initializationError(runners.RunCucumberTests)  Time elapsed: 0.003 s  <<< ERROR!
cucumber.runtime.CucumberException: No backends were found. Please make sure you have a backend module on your CLASSPATH.

